<?xml version="1.0" encoding="UTF-8"?>
<!-- Generated by org.testng.reporters.JUnitReportReporter -->
<testsuite hostname="LAPTOP-1EMI7JDE" failures="0" tests="1" name="TestCases.verifylogin" time="3.915" errors="0" timestamp="2022-11-03T21:41:54 IST" skipped="0">
  <testcase classname="TestCases.verifylogin" name="login" time="3.915"/>
  <system-out/>
</testsuite> <!-- TestCases.verifylogin -->
